2026-03-21T19:26:40.338006	20260321_192640_CA	6f7d2277d440f8da05e6067ec096d9b3139c027e0b637bbda369a95baf64639c
2026-03-21T19:28:47.699764	20260321_192847_CA	a4f4e84c6311308f300ef91594b4696f8a7ed7ed624ac61788d7f1515528eef7
2026-03-21T19:28:54.050738	20260321_192847_CA	045bce993eb5e9fb8c88cfc3f13c688f4884bcd4e54e1c65434d16806dab71e0
2026-03-21T19:28:58.328934	20260321_192847_CA	bb694d4112c2535327cc1e23d40c4e5dd4bbf9f8eb04fb9e8de8e789bfc4aa98
2026-03-21T19:29:02.979736	20260321_192847_CA	a0c2cecee951e6265494a88f4a81844126195c06037fea27074c325c9f47d972
2026-03-21T19:29:08.917124	20260321_192847_CA	5dddce7889786705a9da64bd1f7715588ff088acaea19f5e11ec030acb41797c
2026-03-21T19:29:12.930025	20260321_192847_CA	fc5d8fefa90ff7a8559c9fb0ca3c6c3aa4a36d9d6c41834794a445ed9ea64b8a
2026-03-21T19:29:16.788927	20260321_192847_CA	a21b1bc71f0b095b2d373a8491603f193fa59a112cfd6886102a2372c9d3a9d9
2026-03-21T19:29:21.486875	20260321_192847_CA	c07e1fd79f938cb98358aa825b4f49df830fe45caf7edfe22fb92a882eea5f04
2026-03-21T19:29:25.385319	20260321_192847_CA	5a6f0b4577842f41643fc598bbe0ff1fc3d37cf399f7e70e45b7d2ce5b470380
2026-03-21T19:29:29.157596	20260321_192847_CA	eb8ca79749d3532b99928bd955ff9a044086131f4f80e2f906155e236b34ac36
2026-03-21T19:29:33.994217	20260321_192847_CA	88e513c4ea05aa7cd86c02491007d3e195946bf82b45e295f8486200d67b5c97
2026-03-21T19:29:58.969671	20260321_192847_CA	ca79aa5dd132d3f03bf925e52f20372c456036a2315443c6e07a8aa9d044b9d7
2026-03-21T19:41:14.273154	20260321_194113_CA	018b682f8d7fc6788039b7d41409c62268d81440a4f5b97bf0904987e24ee51c
2026-03-21T19:41:19.606218	20260321_194113_CA	a3eb11d8b0f132bc9ec59961b2f136935d7dfc7a1edc72889b7b3dcf41f80a07
2026-03-21T19:41:23.622386	20260321_194113_CA	c6a19cd63363b2b697328a49c93e8d783c38b9efa10e59968de782a170a7a9fa
2026-03-21T19:41:28.979793	20260321_194113_CA	7c60f83dc1f77d3b1a994f438b9c90e6da761656ba7bb5a796cdfaa6341902bc
2026-03-21T19:41:34.547913	20260321_194113_CA	d14b8efcf71ac40bd4acf09c999d03417dd055f98d2eb1b7843b8731ec7830b0
2026-03-21T19:41:37.782295	20260321_194113_CA	e085a254a5d5d36a77208a1c3d7553c034c9cc835f4be03a031bd9061587ace1
2026-03-21T19:41:41.751514	20260321_194113_CA	3f30e6b49321b936a7c5fd66963dc3a6bf3fb796686d8a84c138bb0836da23d9
2026-03-21T19:41:45.391505	20260321_194113_CA	f89585d6a041bb479d79245913ce22a3f4f4df585c45628bfb1535bf1839b234
2026-03-21T19:41:51.900155	20260321_194113_CA	b7fe950d1c3981c8c2f5bc803afa207366c32286af8195b23c1e57f32b87ced8
2026-03-21T19:41:56.946962	20260321_194113_CA	83c079c1d0352493a3980cac7c81a977c15ff9e2552943180af13e92bdbdc542
2026-03-21T19:42:01.570717	20260321_194113_CA	4a48a67f56957eb7cd60e7f80e8770a71d1eff49ed2f693d887bd86599fe85c3
2026-03-21T19:42:26.252827	20260321_194113_CA	dfede3c7dc23a121dc9e213d68861a5a14ca485a6b9c602fcdab13fbaccde9bd
2026-03-21T20:07:50.323281	20260321_200749_CA_TEST	7531a2c2faf431db4491679b9d12f263b2fdfe2f3284f2427bd5aef4e69bcd1e
2026-03-21T20:07:57.621265	20260321_200749_CA_TEST	8a0d822f7ebb5540fd17972b8fd38dff9920696d6c008d69e5cd36ececd4b08a
2026-03-21T20:08:04.588713	20260321_200749_CA_TEST	029f5aaaaf3f0fdb047b05fdf6f3cbbfb493842f80a15ae2b177c54d45321a7c
2026-03-21T20:08:12.441697	20260321_200749_CA_TEST	1afe26641ef5926bdc3afaf6ac469449276028fdc31c4cdb1b8a069ae0355806
2026-03-21T20:08:19.128592	20260321_200749_CA_TEST	c1c1e96c1da1772689f58c8653b91cfcf483fbb5fc1d7ae83035f1efc0ea1ae6
2026-03-21T20:08:26.189583	20260321_200749_CA_TEST	ba538bf45dd8c27beddd44f43a045e7002c9763fc76715f18d5b08d7355f3bae
2026-03-21T20:08:32.294381	20260321_200749_CA_TEST	6ffbec562cce595ac636845c8e51cf1247c46f6da6dadfb019af70f420c855ad
2026-03-21T20:08:38.991202	20260321_200749_CA_TEST	87e487b3d38ba6889332b21d7136f4eacb354c1345fe2608628fe7f1cac6828a
2026-03-21T20:08:45.343847	20260321_200749_CA_TEST	34de7b15aa07afe8d9c7bd49f656b36ae10e3352a78b48d8e5bba0330aa0f9ee
2026-03-21T20:08:51.239931	20260321_200749_CA_TEST	b0f04f5383ea79ed208a26c1b5beba62009bd014450f2b91528e58acf5c2c7f0
2026-03-21T20:08:59.624079	20260321_200749_CA_TEST	5dc7506f2b005bc8c59a6a050b744aad17b937d19e1502178298fd4c0d484a73
2026-03-21T20:09:19.093601	20260321_200749_CA_TEST	1eaaa276f354a3d0570c678d2d57c680ec787c63e682d9c799a447f0a564708f
2026-03-21T20:09:21.651741	20260321_200921_CA_TEST	0691e2587f85eae93106c19f83493ff1ab9d9eeef8a2dc0c7899822c2407ea47
2026-03-21T20:09:28.467105	20260321_200921_CA_TEST	46ea9a22a970be1c34f0cd739dc9dc95f99f8cb53a0897d51ce39b3ed97f150a
2026-03-21T20:09:35.062870	20260321_200921_CA_TEST	d7a21acd04fccc699fa1f626e08b7fc929273ea01885931e191a78e58469f633
2026-03-21T20:09:40.985408	20260321_200921_CA_TEST	91f32e6af4c6c2721a112dae1a82b06068ff9404842d9d140b5393010576b900
2026-03-21T20:09:48.318077	20260321_200921_CA_TEST	2bbf8e21f40b287baff7507a3e2661c35ef4d941d0a769854d812ecee7bea830
2026-03-21T20:09:55.880076	20260321_200921_CA_TEST	32f282a60e85bb29a880bc06223f527ccf098debb64a51f17c4729fb0979f4e7
2026-03-21T20:10:03.240364	20260321_200921_CA_TEST	f96b2eb0247d55ed414f544281cbd0e8ea2a74692224ebbd31aa7bbbccc2fb8b
2026-03-21T20:10:10.262261	20260321_200921_CA_TEST	b2b30b54803dc9e770b5b4538d8bf83b7b43defb8eb50c72e4f72b6566ebe2d3
2026-03-21T20:10:16.456322	20260321_200921_CA_TEST	c216e53fd3a4ce2360e342275aad0abfd34231fbdeda67469aafca26ecdb7100
2026-03-21T20:10:24.569699	20260321_200921_CA_TEST	631596b8901c9696d49b1e44b02dfde5ad0b35de37f919c2a8446eecfc5e4674
2026-03-21T20:10:33.518737	20260321_200921_CA_TEST	545a21bb514ea4b0b58e3d3f00c4b1b85f76b1472b9c6742cfaa141013be756c
2026-03-21T20:10:50.335054	20260321_200921_CA_TEST	c3858103a7de81ec72d09b59289efd7effa759e33cd23ac62656d9bff237b1d3
2026-03-21T20:18:59.960768	20260321_201859_CA_TEST	579707f1e91744f8944ae1b4b4114ff05384c7870fda5e47e04dd75c08b1d58b
2026-03-21T20:19:07.495476	20260321_201859_CA_TEST	dfb9a1a002160e33f4e503a935cb9981927def7baaad50e4258a539447b25c5b
2026-03-21T20:19:13.744677	20260321_201859_CA_TEST	9381743036d40708bd501f2144c20de7eac1b6946e9ae86b6815025360e6abab
2026-03-21T20:19:18.920763	20260321_201859_CA_TEST	40fb146e2eca9175e6598977fc2b9806522d721a47afe1824f07c60d63e308fd
2026-03-21T20:19:23.588494	20260321_201859_CA_TEST	17e4e94045a52b048026af0f80e097143981df300a1f6d19dfbb1e25a2a4c3f5
2026-03-21T20:19:29.282009	20260321_201859_CA_TEST	a288c92d2a9df21401c0d22ba1a59541ee25764054d6289b1856740a61379729
2026-03-21T20:19:33.552518	20260321_201859_CA_TEST	21076b3f9fc3e053ee3e26b5849c344567828675025eba0c49716d06144fe1df
2026-03-21T20:19:37.917238	20260321_201859_CA_TEST	c353750dfa41e249b8ef2457d7fc966df4bcd58c237e5899e3cf8bdff80d6551
2026-03-21T20:19:42.089104	20260321_201859_CA_TEST	13530d717a58fb609f08da446b8afbc4b52c23bf7e4c3cc5c5dc40e8b17eb6a5
2026-03-21T20:19:47.622989	20260321_201859_CA_TEST	256e221000ea6d175d49a54b9cb4753eb17421a76487dbde0deb5ca59f38f0de
2026-03-21T20:19:51.839322	20260321_201859_CA_TEST	41c9c81f72608407aec0b81fe94db981ce1c4622218f9a7ebc8c9507748722a8
2026-03-21T20:20:20.003960	20260321_201859_CA_TEST	4e2dcdd64c1abb17b3142c1ea3a987000d02d2af50468612b45d0907f80545eb
2026-03-21T20:20:22.514848	20260321_202022_CA_TEST	452326e4d84c7ad8ee1d13b0471090473491f0e77051d49920f4d8854b9702ba
2026-03-21T20:20:29.434219	20260321_202022_CA_TEST	b44d49d96a0814c39c40989e96e3952d4f71f8ad3c78fb924774ac2743deac87
2026-03-21T20:20:34.724254	20260321_202022_CA_TEST	f9d89ef4d00960b6ee6aba08cd75e096511a2c2e6a8b0038496f56f1ff035642
2026-03-21T20:20:39.603547	20260321_202022_CA_TEST	8c9b04e0805c8c0e11b60068605d62235383253b015c23ef122220267b99868e
2026-03-21T20:20:44.491666	20260321_202022_CA_TEST	516cb1545ea458a8f08f399dbe8b446d92c3e2f1154b2ed3d2100b3ce97a7371
2026-03-21T20:20:48.656973	20260321_202022_CA_TEST	09abf3c0cd328ea6c74aaee7bf95c3f079d13933a10cc5de981790e23fadf507
2026-03-21T20:20:53.299450	20260321_202022_CA_TEST	1f42e71ed93ac03cc2f30de69a6225a581aefb9148e5342e0795d76bb2e15ff9
2026-03-21T20:20:56.844345	20260321_202022_CA_TEST	275721d2c6875a2a00bfe5b23e2b2b1db2237cdda85eb633a228f0d090c913af
2026-03-21T20:21:00.978785	20260321_202022_CA_TEST	0cc9b8f0586c5ca90424ebfd2975a5efc0cac56a391737f131db3f57dfa9c6cc
2026-03-21T20:21:05.499878	20260321_202022_CA_TEST	74ecdf3a0956ac363733c7730a9004e32a8c204e67ac5075a146e751169376f9
2026-03-21T20:21:09.095144	20260321_202022_CA_TEST	1461d6afb2ce8774a6f8aa4a5da19d3f8f101c741b157134b5100eb7ddac8f5e
2026-03-21T20:21:27.302442	20260321_202022_CA_TEST	16651e30a9839504121591425162b9395645ab6ec1b0bee4c9e1acce86cacef9
2026-03-21T20:21:29.657475	20260321_202129_CA_TEST	847c82f06ab7554191c7a78177eb165ea693519940f7316b4393b886d5a28bc8
2026-03-21T20:21:34.441163	20260321_202129_CA_TEST	68fd15beff6774118915e48bbf387fe6c058a8aa82efadbff23b36e848bbd7b6
2026-03-21T20:21:38.943390	20260321_202129_CA_TEST	1cbd46296bcfd15d821cccd7827913c2e4fe80fc779e32635d6a22c523648df6
2026-03-21T20:21:43.892761	20260321_202129_CA_TEST	ecb0c4cdf7c45dc8f1b20705d4c59a91e4475bfb76e561cef558e4399d1d1ade
2026-03-21T20:21:48.027293	20260321_202129_CA_TEST	75207c02f6011d0b434a46e0dd13ee04ecb2ee0e984c0a0d7cc6855646071e83
2026-03-21T20:21:52.478294	20260321_202129_CA_TEST	8f825e36fb7c100fb0f056f7c1a1922b75b2e57d226b14bc1973db074cb81148
2026-03-21T20:21:55.962446	20260321_202129_CA_TEST	3bf9880a04ee237338418419725af8b53d005e288713bc3b122f1debd9393057
2026-03-21T20:21:59.690793	20260321_202129_CA_TEST	8c2292120ab3838e821fe258f33d60dadfad29832431a193b8572b071783f91a
2026-03-21T20:22:03.605865	20260321_202129_CA_TEST	76da19d57f5a102dcdb9baa1ef5bb125541b84652d89f119abcebd20cfadb0f8
2026-03-21T20:22:07.961077	20260321_202129_CA_TEST	a8d58cede3131a2264700eb47150013b76661f3a38613b570a1e7172f2746391
2026-03-21T20:22:11.337220	20260321_202129_CA_TEST	efb8d6cd525411c21a79d71ac960ee88319ce144e9e42643ad68f6c930887db7
2026-03-21T20:22:34.704401	20260321_202129_CA_TEST	a0dc894d78294a89c517b68ff873b4e6748420b4c25797cdfb0613de3e917e9a
2026-03-21T20:36:13.457583	20260321_203612_CA_TEST	05f711c2649d1cd258065134fe8c61b948b60627aa2482ad701d2262ef9305d8
2026-03-21T20:36:18.781842	20260321_203612_CA_TEST	d9b900db02b161153f1aedfa67ed156444fb47b78ead75f9e889b0deff1e34b0
2026-03-21T20:36:23.000403	20260321_203612_CA_TEST	ba41adef902c108374c1e91036ae8e8a9ab9fea26740615d7ef3912f2d2edffc
2026-03-21T20:36:27.206028	20260321_203612_CA_TEST	abbae6994587b0d7ab405767ad13fcd42c8eeaf9ee2012da0f686b4be54032b5
2026-03-21T20:36:31.618414	20260321_203612_CA_TEST	43fb140c33f620189158317bc66eff33b3b8cc18f1bf4acc58a950b6c5bdc303
2026-03-21T20:36:35.491540	20260321_203612_CA_TEST	3683db4c98b26f35e60bb0b309d6758c30c0df47f58cd04a23b1a0899d84db8c
2026-03-21T20:36:39.888409	20260321_203612_CA_TEST	25ba6f98b64de71a3954731416807661adb4449e63bf4efcd5608ffb64fcf83d
2026-03-21T20:36:45.130372	20260321_203612_CA_TEST	3ad81c8a7f43afc6fca7cd9b87e6c76cbb192f0eaa0b0b21365e91126ad32cb3
2026-03-21T20:36:49.273030	20260321_203612_CA_TEST	9bbbdceefe3b513241850146cf6b8b577ad3dc4d1f73efafd56f349a95695c5a
2026-03-21T20:36:54.379835	20260321_203612_CA_TEST	c27c2e539c0371e8270437498064829c2bb2fb01cfb281aa48a4c36eb99d41fb
2026-03-21T20:36:58.500099	20260321_203612_CA_TEST	4e110a8f2a9f4685dc3d9fa18a04b38f828e39a8a4d6e579b778c9203bb528e0
2026-03-21T20:37:25.145165	20260321_203612_CA_TEST	0f54d91c293961dd2b1c1b1903b254c8ca0fec6dc9600397a59d2d60d52ef98f
2026-03-21T20:37:27.450574	20260321_203727_CA_TEST	e089688c5ee74727f178754c35dc50d718a06201fc3f6f857e6cb21643a12040
2026-03-21T20:37:32.944927	20260321_203727_CA_TEST	50311ea47bdb51ab4a2e07d9085d1349c6de6315e8c32e8633b0ddc4608bfb63
2026-03-21T20:37:38.121695	20260321_203727_CA_TEST	6d70cd8b09ce2905859b62f7126ff3fbde634bcee16b241587f628553fd5b2f5
2026-03-21T20:37:42.729917	20260321_203727_CA_TEST	64e3b76141287f8645b587a0e874835d6b9293d9ad55748b0b2dcd6ec1d8e099
2026-03-21T20:37:47.076000	20260321_203727_CA_TEST	f5e14618fdee0694fef785b60334139b256b1d4799c1d933e3730206c796f4e5
2026-03-21T20:37:51.223175	20260321_203727_CA_TEST	96b53a84a265e9236d3ecd1ed69dc6345d6aa6f046a136ddb56c79a07f3e82b6
2026-03-21T20:37:59.272556	20260321_203727_CA_TEST	20fa375edefc31fa905ced35222eae17f61ac47bcbf4e90c7140728dbf1abf8b
2026-03-21T20:38:02.738652	20260321_203727_CA_TEST	4b961d00ed9bc2a6726e37b3c5bd2eba671d947b14a9a42b4ac7dcc0e2dd8f97
2026-03-21T20:38:07.801592	20260321_203727_CA_TEST	d64e0d88dacb06e55dc7889171fd6284ee406860b6811cb321c9124cba40f0e6
2026-03-21T20:38:12.291109	20260321_203727_CA_TEST	38bba7cb9d08923f800f0d2bb1d99b9b93b1330d7664edc2e6c633ebcbc97110
2026-03-21T20:38:17.097550	20260321_203727_CA_TEST	81ae111d74c59386d5e5e97b42bba680dc748abfd67bef47ed40a3467293ab14
2026-03-21T20:38:35.334883	20260321_203727_CA_TEST	871020cebec76234154bf0ce7711b7d4a96ddec5924d7a5b17b9150273eb7979
2026-03-21T20:38:37.623797	20260321_203837_CA_TEST	7ce41626cb82a517ec52419bd4273abb1a64a68b4efc17e9e8a2ab8f6864d392
2026-03-21T20:38:43.656912	20260321_203837_CA_TEST	f0212e0a38e950c5d215847a68aa717b99afdfc73e24298c26a8fa6ee9b28d0b
2026-03-21T20:38:47.880186	20260321_203837_CA_TEST	b7eeae06dd1166a8a89e3d2c46aee0607c7161d60553a2540c80bef0d2de4be2
2026-03-21T20:38:52.808377	20260321_203837_CA_TEST	b851f66d8277b4964ef3d895b695bd27ae5927809d8a4c2b7ddf52d646de85d9
2026-03-21T20:38:57.380215	20260321_203837_CA_TEST	0b1ab754f6413d978e859e9795cf95dfb706a61eb20b791cb1a9206467b5a4f5
2026-03-21T20:39:02.004341	20260321_203837_CA_TEST	860b5facc2945f653e5d96cd47a5e38b99e6519e9ba9187640f761fbe1bea480
2026-03-21T20:39:05.558872	20260321_203837_CA_TEST	5596faa207389c0edc21913b990c4796b62e0a3f99e4ca5ff9ad2a14ef4c9a77
2026-03-21T20:39:09.199639	20260321_203837_CA_TEST	49149b3ed1c833ee0419a275358c914687ad20c067ee4c542d43080113a2784c
2026-03-21T20:39:13.139602	20260321_203837_CA_TEST	104f81a4fcb9e99b853c9edfaf58ed78dd3d03f3b339e92ed14fb8bfd81f50cf
2026-03-21T20:39:17.089908	20260321_203837_CA_TEST	c454a2f94201cfd26258561c1cf4a253d72159ebf47463545671af2fd1f7ab7a
2026-03-21T20:39:20.847176	20260321_203837_CA_TEST	194cc60a1ee4e3fea2bc34fd33ccc992dcd2a2007cb8e4157759d627e8d7ae21
2026-03-21T20:39:40.440234	20260321_203837_CA_TEST	86101c262197b1bc5ee9362b142e54b93faae9d0d009e92b25c631bbe70f12bc
2026-03-21T20:39:42.734033	20260321_203942_CA_TEST	bc3099412e2b427bce435eb5c7a8b63c8fa5199d44613d4645357818443fe542
2026-03-21T20:39:48.092897	20260321_203942_CA_TEST	c20a22cd6f035a25ed02c91088308014df3e911a64444161045e100e26eceda1
2026-03-21T20:39:52.369304	20260321_203942_CA_TEST	006129d354073e135dabb8b693ee9586d51144096547eaf02d81d492e3f66020
2026-03-21T20:39:57.754332	20260321_203942_CA_TEST	2f97591ffab2d0b1f9e3324ec17d1bdd91fcb474b18624e99274040cc856166d
2026-03-21T20:40:02.325294	20260321_203942_CA_TEST	49acfe97d85844c5531b15eaa318ef2e5a6759030f0e27d0cf93e0d8abc2df39
2026-03-21T20:40:06.250674	20260321_203942_CA_TEST	a7abeaf692cded7dfaaf896a3d4e22397835cc7414d89541d86027a17591eb37
2026-03-21T20:40:10.125848	20260321_203942_CA_TEST	8c27bbd994e60019336911950ea58996b46197b12b27a1b421cdcbca08e014cb
2026-03-21T20:40:13.584901	20260321_203942_CA_TEST	0f06ea034abf5becb8ec8083f5a5250901cdf86ab01b24f42b4acde323317370
2026-03-21T20:40:17.873875	20260321_203942_CA_TEST	811cae968d1bc5d13403e6a88aeb47cc0911fb1ad10c492aaef38e9fba7796c2
2026-03-21T20:40:22.128039	20260321_203942_CA_TEST	1b73fd13d7c504469ac3eabc090ed1fac58b6612c00b387f8bb12f20621f5141
2026-03-21T20:40:26.849032	20260321_203942_CA_TEST	6b51fd36b080460105f7b8faf8cb79e578c389919af78ad1d8ad6ec1c0a30982
2026-03-21T20:40:46.363268	20260321_203942_CA_TEST	dc561cfa3d85673c7203238e226208ad99b8ca764fecf7b8c311d5aa989a00ae
2026-03-21T20:40:48.660800	20260321_204048_CA_TEST	cba6b53a6aeb7e6d7db5c57963f39e1c40feeb4f6c01c8dee8bf62cd23e89c1e
2026-03-21T20:40:53.644326	20260321_204048_CA_TEST	e46757c2db77fb4e248eca331f3cdf9d5d8c68bd51c3454d16def497d990091c
2026-03-21T20:40:57.967484	20260321_204048_CA_TEST	b5417717627936f70350c932e4f0648dd078a10568b04cb95e8fffc28921d423
2026-03-21T20:41:01.186411	20260321_204048_CA_TEST	571350e9f2a1cfe672801985286be0a525410ca859e4c9790ce31c6776d541cf
2026-03-21T20:41:36.053485	20260321_204048_CA_TEST	9898925b5b26c2e1c4c740f40bdd44e9446d61a0a97afd36c3ef559cc39cd260
2026-03-21T20:41:39.364539	20260321_204048_CA_TEST	33c1c6091121e315774a1ea54281af8467d7d3f3a3d09444b64cbe82199e60bb
2026-03-21T20:41:43.262697	20260321_204048_CA_TEST	db6b6911b844967036e16e9bad673150ca2f737df03237f26f6692bdce8f544b
2026-03-21T20:41:46.719032	20260321_204048_CA_TEST	a487a5b225c0fbadb22a662ced1cb888840c8ea581b81e953c2c5a9808faf027
2026-03-21T20:41:50.895201	20260321_204048_CA_TEST	9bd8bc75eff282751a73d55e0aff8ce17c1ae6b40fdb6bc79a4bcc8512cff211
2026-03-21T20:41:54.190064	20260321_204048_CA_TEST	d54581eecea65e5499937028d4f9687e0f157b0e8e91a4390a341432d0a94605
2026-03-21T20:42:41.007594	20260321_204048_CA_TEST	c363010a8ecb41315f7a3ed22bf9737a8cd414b2f6e7eecb3e7f895fb2e8df88
2026-03-21T20:43:01.698079	20260321_204048_CA_TEST	598036811b433c6a9c7a02e2a974e4f683e8b01632d87c3163990875c30f03d6
2026-03-21T20:43:04.040139	20260321_204303_CA_TEST	c42231a733bc48ed289870facda159dae18d15e740e8487cf10466e7400b846e
2026-03-21T20:43:09.382584	20260321_204303_CA_TEST	d4e33c68b35015c2fbc901d80681951bce927074d05b1705ff3fafb91a2f4531
2026-03-21T20:43:13.596971	20260321_204303_CA_TEST	9bb531c1be6df2f7ad8dda402e507ef02b7a9e28a78b61585813a4153fc2fc3c
2026-03-21T20:43:18.048733	20260321_204303_CA_TEST	225a740d42411039b1c3688f5d7f5e6e1951df789c48dad219a52301f7b34114
2026-03-21T20:43:22.890139	20260321_204303_CA_TEST	0d0992a1cd7bf43c60c8c1eeb73a649417ed2de6c5714d95ef870f8a5fd12698
2026-03-21T20:43:27.232856	20260321_204303_CA_TEST	e1726493d8d54a6990af607e93beaa4c2628be9ad04c8b792699776acbd469c1
2026-03-21T20:43:31.218283	20260321_204303_CA_TEST	cf738fcafc671bbef0b1b4d61acb35375fe9bef0c502e898d78c4cbcc8418fc9
2026-03-21T20:43:39.391746	20260321_204303_CA_TEST	64f9ff73d657700bfbb2d03d80a82db916325689042b3fbbc94d0775e0b029d2
2026-03-21T20:43:44.077671	20260321_204303_CA_TEST	22529d4ff9184dfac8452ed170a453ccfdea568a8bf7fce5b9a216592bc1dd3b
2026-03-21T20:43:49.574667	20260321_204303_CA_TEST	7e988c039b558b2e4e8caa2dfb2ff9fbe8fa3274223b74be994b71bc46246f30
2026-03-21T20:43:54.975238	20260321_204303_CA_TEST	b7c132c94efc670ca2c73be49ab368d4ec61b6198ab51528c401d22226e7875d
2026-03-21T20:44:13.413550	20260321_204303_CA_TEST	d67da0eff5624725d9216ddcf5f943633124fd0608f1d78c76a6be988e919cf7
2026-03-21T20:44:40.716251	20260321_204440_CD_TEST	e498300092e49e28f033bc22e17b98b0f8dbc069ef640c88510617b52e9e6a70
2026-03-21T20:44:41.007733	20260321_204440_CD_TEST	0c819c3cf28967bba7fc32610e0b7c9d99c0315daa33765704c879f73397665d
2026-03-21T20:44:42.389651	20260321_204440_CD_TEST	2b3c545f9a6a77d5379bf23a476181ddcfbd586c8308392946d06ec6b252b557
2026-03-21T20:44:43.768162	20260321_204440_CD_TEST	3c19a62a4a304c56d45c3934d8ac9789bfa67740b5899c123b6af3553876b803
2026-03-21T20:44:45.146963	20260321_204440_CD_TEST	0dbac912287bab971062c9c45f1de2eb261fe582d19738a1e8d06aa873a86c34
2026-03-21T20:44:46.521287	20260321_204440_CD_TEST	c5f6ef7f4ffbfbb84d6e935f9228efef1b3e27f436db4e176c7648fca296942e
2026-03-21T20:44:47.930062	20260321_204440_CD_TEST	be9ece61b4e8b4dd2baec8bdd21a29b6b74c484d9e24ad94cffd5047d16ff756
2026-03-21T20:44:49.291213	20260321_204440_CD_TEST	7b5986b73495136afdb87593074b2dc0979618840f30c93bbabe1bc99b43b8e6
2026-03-21T20:44:50.683083	20260321_204440_CD_TEST	ea79765b184ad53be4fd4a030f9c1469ac46598b530cfec5fcb71d5614206a37
2026-03-21T20:44:52.063203	20260321_204440_CD_TEST	e174ebadc23f4aab4f3b2f56da60b60fda992ce4ddaedd35c4fc5db2aa5c751c
2026-03-21T20:44:53.430981	20260321_204440_CD_TEST	1c67e89c4fc157eda84004346b2b38de38e5123cf86921854334b190db950bf1
2026-03-21T20:44:53.432093	20260321_204440_CD_TEST	e8a49963e3d5c331ca4c9dffb73392746449d6021ef4f2c89247f5dee60d8f26
2026-03-21T20:44:55.714248	20260321_204455_CD_TEST	c67b55d55e33b2c11a51db7f86d356f7d770c37ae8780db488d8be453ed0ee71
2026-03-21T20:48:45.254966	20260321_204844_CD_TEST	28da976d33303f058ef1be1136c5d420f3443168a795732dd88b00c3962114eb
2026-03-21T20:48:45.641395	20260321_204844_CD_TEST	d37a2bc7ae4e3a4d6392c1d829bb94b04e12f8127dbb54b9ab5c34f772406605
2026-03-21T20:48:47.015874	20260321_204844_CD_TEST	46e5aff4596d2db668519669ea4131d413ae513723d5e36251bd0419b2058c14
2026-03-21T20:48:48.390804	20260321_204844_CD_TEST	97bb28c9ca51b27e92282ae05a57aff7574e1783b546e90c440542b3cd47d7ba
2026-03-21T20:48:49.784059	20260321_204844_CD_TEST	c5655692dbb7b589e2b52838fea78d7e82e968ac30fe86d23fc7e34c36ab1a67
2026-03-21T20:48:51.169383	20260321_204844_CD_TEST	f34eabfad8b875df5a9af5fca0a3c2837d0686ef5d590eecf1a03d7826875c7e
2026-03-21T20:48:52.547141	20260321_204844_CD_TEST	8e32fa8e759f9e36cd58bf69c7ce07c1914f9c4465f25f446621378836ae97b6
2026-03-21T20:48:53.929651	20260321_204844_CD_TEST	9b3722afd44c099998f88d3e3c6303e9f5b1e3a28c133a14338f4920294b7001
2026-03-21T20:48:55.293211	20260321_204844_CD_TEST	e17f63e7e4c557883ba8801d190aa65bbe726fde5babf36ed789129cb93561dd
2026-03-21T20:48:56.676249	20260321_204844_CD_TEST	4d982c923107221d3bed9b9856920875073f246d13bde5c156bf2fa13b49ffe5
2026-03-21T20:48:58.049197	20260321_204844_CD_TEST	90d9ce902391ea7cec77c66271e896bf5ece892f2014ba0be67c1a32b148f8b9
2026-03-21T20:48:58.050102	20260321_204844_CD_TEST	32e30a8249b563b9cbe869ac46c89c8045f9cfdaf4e375d3e592929ff54d1deb
2026-03-21T20:49:00.326010	20260321_204900_CD_TEST	8796ce59ccdc5485905bf946afa6c1cbbffe546407afe525a0354e0ec0892ae5
2026-03-21T20:49:00.594305	20260321_204900_CD_TEST	0375853aada2000e47378ada5e211b768de88fc7f3879147b90d602b6c4edaaf
2026-03-21T20:49:02.004869	20260321_204900_CD_TEST	878481aa5228eb6e86b39e4b9188e375e30de69bb298595e7fbcb7a73aaa50b5
2026-03-21T20:49:03.395044	20260321_204900_CD_TEST	1ff80f679cc475c9c76ea2a5ced1d0282d096e4f7cd100041e7237b5610a41e8
2026-03-21T20:49:04.787202	20260321_204900_CD_TEST	1504f6dbf346e6007cd02a8f41f0063488ff83b5bf50013725338151ea492ca2
2026-03-21T20:49:06.173720	20260321_204900_CD_TEST	1d18459ee300b0641fb1a97baeeceda4551d1a9c632e0cfc75ffa5590e7cfcc2
2026-03-21T20:49:07.550042	20260321_204900_CD_TEST	4ae6f81ba6c5a567735cae1b702562d7fcd63cc0b8aac69fcdc5f741477f9f54
2026-03-21T20:49:08.931422	20260321_204900_CD_TEST	89dc21ae51c9db4a4103ac938e5755d159925c59e170b0f8f02a81f466c7df25
2026-03-21T20:49:10.318474	20260321_204900_CD_TEST	c8c3b5802cfd272f4ffbc64e3a2c8dadbbf8d3e077146d0871f3d0e8b06d1026
2026-03-21T20:49:11.686124	20260321_204900_CD_TEST	2a86836b283af76d0ab6738c659a1294bf6d637b382325ecac3e72ae59c43645
2026-03-21T20:49:13.078830	20260321_204900_CD_TEST	b7203db27640a811e50640a364e192fa8b9b869350c80f7246945dbda8821aea
2026-03-21T20:49:13.079729	20260321_204900_CD_TEST	e3d0bea25034855f6d6a8601eb4bb2d6a7a9dd51cc26ab0ff485a0447673619f
2026-03-21T20:49:15.359119	20260321_204915_CD_TEST	52e3d7f038637addde4e2316930b94b0c7d948a3d885115325c56d7e1239319f
2026-03-21T20:49:15.625412	20260321_204915_CD_TEST	ea6a2f00069400c7e51947e2407bdcd4944271511d4e7f8fe8624a42a04a10b0
2026-03-21T20:49:17.031825	20260321_204915_CD_TEST	3c96a08d3bde2a4fd81da6d91e547c6849dae8ee1e9cfead5efd42fd4b709d39
2026-03-21T20:49:18.423834	20260321_204915_CD_TEST	83eb75004f2f7f8c2194715af3af8447e29bfc833769a6888a887added82a8c7
2026-03-21T20:49:19.827638	20260321_204915_CD_TEST	7784e4524c75f43c99e6daa62ab275c80224bf2527c214deef585ad3d556871b
2026-03-21T20:49:21.228858	20260321_204915_CD_TEST	e7bf08b26d56fa8dae421b1df8f42fa8c602873a912c36e96ea121b35ae4dc94
2026-03-21T20:49:22.600173	20260321_204915_CD_TEST	0de18373326a63d55503d0f43ce76010dacb1fcb9fb5ce0022fc88559d226aa9
2026-03-21T20:49:24.021637	20260321_204915_CD_TEST	9230fce0357ce852a47ca935cffb4dc96433e139e1a94319102385433c22d6c8
2026-03-21T20:49:25.459512	20260321_204915_CD_TEST	988b89fedd4034a7962e5cc43e384c30282dcdf30a3eebc58d94397d3e46f999
2026-03-21T20:49:26.843057	20260321_204915_CD_TEST	29c3f5548df4ad8011c369a4f70d278db65fc77a1ab488a2a1306b0b38d6170a
2026-03-21T20:49:28.229888	20260321_204915_CD_TEST	774fb0eeca9258616d8babc48865501b2320d06fa4240ebb8716e27f5e3f330d
2026-03-21T20:49:28.233474	20260321_204915_CD_TEST	1424f9394ac2736a4e4943704924b9ea888dcb57adfb644109a86e8fc818eb7d
2026-03-21T20:49:30.522747	20260321_204930_CD_TEST	27e324f3f81f87509ac8ac60fa8a0d720aee5376ce9bce2f88ad212bbdf3832e
2026-03-21T20:49:30.813318	20260321_204930_CD_TEST	246d33ba9aab4e02d0fd9b8289baa04e02f90db7f76cfa146aa66daa3b00d13d
2026-03-21T20:49:32.229643	20260321_204930_CD_TEST	eda8e86059100012703801c1afb5c83ca6cbd8e13db93b096dea07c1c32f68cf
2026-03-21T20:49:33.624502	20260321_204930_CD_TEST	617430905bf8155ee123c020e83356ebd23ab13ac160f052862437d85edd21ee
2026-03-21T20:49:35.021835	20260321_204930_CD_TEST	516f78841ebec0684da8e94306cb44d098cc2dc7a9091940a0891a739895b9fc
2026-03-21T20:49:36.421440	20260321_204930_CD_TEST	8423f5ed5bc77199dff69077331f9d391683f3df7bf1074d16c33f9a1d961f61
2026-03-21T20:49:37.830564	20260321_204930_CD_TEST	3e464df921729e07eccfd9d3f57beae3c2e86e88bc42db6953fa102c52398578
2026-03-21T20:49:39.228982	20260321_204930_CD_TEST	1215a0bcac75ff63a50ba2fcad4d0dcab52d2aa6c316a0be8722ac001027f757
2026-03-21T20:49:40.630994	20260321_204930_CD_TEST	4a5813e9c63115bb4301aabd9668f450062e009c198453bf7d47423c8aff9cea
2026-03-21T20:49:42.025280	20260321_204930_CD_TEST	f599f5865cd1aa3bd29650f7c997d5f23cabe49ac3a1a67eed0ec73931cd8723
2026-03-21T20:49:43.422474	20260321_204930_CD_TEST	5e2b1e5c828973aae07ed22c8cd60dd9b6fe89ee070dcff27698140d31229405
2026-03-21T20:49:43.427763	20260321_204930_CD_TEST	4e3d01afdab98922406ab5308d29652a82fad1ef27b67a734f68658e6ce0d844
2026-03-21T20:49:45.772708	20260321_204945_CD_TEST	b65719c37032d1baac3ef9cffbc532603278de1650a676acaf117ba0cff9c12c
2026-03-21T20:49:46.083640	20260321_204945_CD_TEST	a075884595aadef05814df05d56d1fe74d9f2abadbb231de28ddfaaea18f4f29
2026-03-21T20:49:47.494190	20260321_204945_CD_TEST	c3b3f50db589a1b371a8d9cb06f92a2034e94ef11a2ec46fb1aad9dd6df5cd6d
2026-03-21T20:49:48.905559	20260321_204945_CD_TEST	4e4703b02aa2dacb3f7a7fdfb535458be5dab87856cd540e75b9426f92edb82c
2026-03-21T20:49:50.304458	20260321_204945_CD_TEST	5e01fc0782f2faf7c1477ee3cbed8e6f23b3c8bcace7d49da6483b563766e1c5
2026-03-21T20:49:51.719423	20260321_204945_CD_TEST	03dc5cbab076f524b8e7572e83cad319af584bca7eebcfe9d0f2bd3e429a379c
2026-03-21T20:49:53.115731	20260321_204945_CD_TEST	752402449af60ba3dabe3b98dd2f616d95d8fb59318630df7ad20d59f4a1d9b3
2026-03-21T20:49:54.528526	20260321_204945_CD_TEST	f50865325be55768bdef7e6401b5fcbc63c35eac8a74a97cab549d58e3efdc6e
2026-03-21T20:49:55.917254	20260321_204945_CD_TEST	3bce940c9cd14abfd7e05396425523be0ba6093d9f65a7817c0f99383ded96dd
2026-03-21T20:49:57.346402	20260321_204945_CD_TEST	3a7780048dee7ae268f283486742abd5574083f6ee52bde905dfd8a5566bac21
2026-03-21T20:49:58.972035	20260321_204945_CD_TEST	03734cfabe3068f412a42def170e5df8d0f2cba4e4055d2664850beb8fecec0e
2026-03-21T20:49:58.976864	20260321_204945_CD_TEST	c7e5ab1e20f63ce9d199b51013a7c15885c4bdfb5d9b9e8f7d64184b9ac3d0d8
2026-03-21T20:50:01.314447	20260321_205000_CD_TEST	94f1a0f4e37f9ac83528bce68efef7daa5235ce3d0f0f6d091ffa5a8b7a10b12
2026-03-21T20:50:01.625659	20260321_205000_CD_TEST	7fb9aa86aa3785ceac415ea8deefdef2fea0b85b0f7261b60f658f84e003a939
2026-03-21T20:50:03.023438	20260321_205000_CD_TEST	911f79996494a39210ac2b08d5fcbcd182ecd2d041c8481870cc4ef69964fad7
2026-03-21T20:50:04.441543	20260321_205000_CD_TEST	baed2dff2914ced2262c87df84e106ff1323fe980cf054b1ade04acefd819664
2026-03-21T20:50:05.820290	20260321_205000_CD_TEST	88acce5e7d123635f562025f746145f1e6ffb4dc59aba4799a17d0392d5b0742
2026-03-21T20:50:07.224381	20260321_205000_CD_TEST	9981c4a68de9b70cbc43cd2a7fa6efc024b890e92edafff7e26685e58b161b2c
2026-03-21T20:50:08.634171	20260321_205000_CD_TEST	69cbb49054076941a2a760dcba56ea0130220dbb0c0f4684f7768ae64c4b32ba
2026-03-21T20:50:10.039768	20260321_205000_CD_TEST	41770e47d5bedc80e96bc651a1f150eb628f739b9827e19f6999e069b1672730
2026-03-21T20:50:11.442212	20260321_205000_CD_TEST	8bf2705dc349379dd6855f85f8eb436f65b6169643e6a1077f59c8bf7c0745a5
2026-03-21T20:50:12.809961	20260321_205000_CD_TEST	669915028bb2a8a81a84b74c8e4ffd72925b998eb90e0e9547046db030793a81
2026-03-21T20:50:14.241119	20260321_205000_CD_TEST	a3efacb493c3e76a571762c6e615c2fadb0c6f2494b98820f80ca50aef1172aa
2026-03-21T20:50:14.244287	20260321_205000_CD_TEST	f607fb7d6cb8b4caa6815c848573b7fac52909fbdea837c3c1d392cd0172c184
2026-03-21T20:50:16.540471	20260321_205016_CD_TEST	21c763b6a5270b42a408b9c8841c33c7247c919ba722b5d26d7341dcbb889438
2026-03-21T20:50:16.848922	20260321_205016_CD_TEST	4809d5fba09189b4ff688c9f5bdee5280c7014467679035b64918ba86f2696e6
2026-03-21T20:50:18.248648	20260321_205016_CD_TEST	4f48a06936c22c3965c359049ce892bee3d1f34b25755a9ab3d457b34c8f2d61
2026-03-21T20:50:19.658971	20260321_205016_CD_TEST	9188ad04a475ab188b1556bf36e8dac018067837f0ad61f0767d385c4a9ed0b4
2026-03-21T20:50:21.067391	20260321_205016_CD_TEST	a5f863e635ec4c077eee7e6d3b49af5027bf234211b110c846127dd6e7cd8a02
2026-03-21T20:50:22.454517	20260321_205016_CD_TEST	87e8036fc20b9981b61eb458239563cb185fa9164a9db5a3ee883a2242bb1ad0
2026-03-21T20:50:23.869711	20260321_205016_CD_TEST	bc67bd755901d7841f3bf70fa93242317c0f7d97f2c1e7002f9abf09940ab0c5
2026-03-21T20:50:25.282199	20260321_205016_CD_TEST	73571e937df83a9179d7d0a533962cb3fc287b0ba0cef3f3725ca41ed7bad760
2026-03-21T20:50:26.695684	20260321_205016_CD_TEST	2d3ed41f23c0556100f701e817db04df1d85d150e79555adee8f56c5b5b5de9e
2026-03-21T20:50:28.085281	20260321_205016_CD_TEST	5dfb3182b84370c28cb6723897d0ded6ec8881a7090132c0d416c9606c01ad5a
2026-03-21T20:50:29.505366	20260321_205016_CD_TEST	dd8282bfbf5f05ffdd33099f770a985d9a5348ea706c4461426a1c0ba1469448
2026-03-21T20:50:29.509590	20260321_205016_CD_TEST	d829ef7f8a5cb5da7619f16f72ce22f9624bb932db09986822abdfda9a8f4a08
2026-03-21T20:50:31.804486	20260321_205031_CD_TEST	207fe01fb3d51503a28fe33bdc8eff7fecf18426b29e627b7335e6ec33ff24ab
2026-03-21T20:50:32.119344	20260321_205031_CD_TEST	5f63fe641f539b22c209338ddc4d5a7958db12f00fa0beac2b6a2516f42b5248
2026-03-21T20:50:33.516824	20260321_205031_CD_TEST	2a3ba4d49ae9d2ffaded35fec2c06f6de32bba36ad8e5b08dfd3c97f5306ca54
2026-03-21T20:50:34.906680	20260321_205031_CD_TEST	797e858ca15c5df79a2ced2e0c9001808f0a55077b2bc54369719de59a3e5495
2026-03-21T20:50:36.314618	20260321_205031_CD_TEST	869438b4eaa794e8d7c75b35883554c6914e607721d4710d2bb6b27db5cbdae6
2026-03-21T20:50:37.708113	20260321_205031_CD_TEST	14523b54ce2a39490c20f43757b70e9fd7cac5efbe61269b8de5a76692678b8f
2026-03-21T20:50:39.120843	20260321_205031_CD_TEST	9bad95e5bf21f04cc07d6e398e534c187df1bacd6f98a3ba742167b0b0477164
2026-03-21T20:50:40.614694	20260321_205031_CD_TEST	5a34b752370aae3dccacddb967ee037ee986d141a8d0cb92a41563c31b8bee10
2026-03-21T20:50:42.054097	20260321_205031_CD_TEST	e8bdbe97cbaa584fee9ddc7cb07949ffffe1864ebda873e8e1a8df02f4875b49
2026-03-21T20:50:43.502543	20260321_205031_CD_TEST	927fbaf4d4f8694fdc1de7d252ae48528dfa554b0a4f8b4974940f803b015271
2026-03-21T20:50:44.943979	20260321_205031_CD_TEST	c07ee4ef2334ac8e407210a06a7730329a779edf995bfb7c4d98d729bd0d7530
2026-03-21T20:50:44.949016	20260321_205031_CD_TEST	53eafa8c110f47e2e07b249f14f9313b8c36f42454e8f75ffe89067894285dda
2026-03-21T20:50:47.272159	20260321_205046_CD_TEST	ec8e30f41c33943977db16afc5f6c89fea7eb0d3708e29148dbeb9184e57424a
2026-03-21T20:50:47.629031	20260321_205046_CD_TEST	0fbff0b84b87cd6b64d16d621f8efe16a65877117d900f254aca79daa6c3a007
2026-03-21T20:50:49.065615	20260321_205046_CD_TEST	0be3435e8448d112cd143e195a8285410c7316acc45c0df6c752bf7d0ee2ef5f
2026-03-21T20:50:50.451389	20260321_205046_CD_TEST	b5f7beb3c7a2a84abc9b6a11145a7398fe325b9ab34658b773d431a09bb9d766
2026-03-21T20:50:51.848949	20260321_205046_CD_TEST	b001bc984aaf4a834658af0019da3e2627c098a0a3a37811752b6b1440a73867
2026-03-21T20:50:53.248030	20260321_205046_CD_TEST	0b8ebbb905c8da314e407c770e73747c6b57b05867f86fc26659359ed31274fa
2026-03-21T20:50:54.628127	20260321_205046_CD_TEST	cb88f0c8f6f40b32e3600558a8a92bff33e6ea02a8004955eccf76be8254d013
2026-03-21T20:50:56.045458	20260321_205046_CD_TEST	b5dc58bd353658c0596d3f8e135a1841aa91485f9932abcb53d01a5aa7293e12
2026-03-21T20:50:57.449252	20260321_205046_CD_TEST	e9235ea1921c405300cb303d0e041039a5c9864552e84100839d4d45f535bb1e
2026-03-21T20:50:58.882197	20260321_205046_CD_TEST	fa070ff25d1f03968fbb9966b2dad9897c71ad30b78bf77c15f41f33093da7aa
2026-03-21T20:51:00.279051	20260321_205046_CD_TEST	dd63e985d0189a427d713f9a5a43f525a432da131f06a34225e0d7a5fdcd4b4f
2026-03-21T20:51:00.283162	20260321_205046_CD_TEST	fd7e7da0cfa5864c8d0b6e013ea47e5ba64ad9014ab4f3332757c0742e9ca440
2026-03-21T20:51:02.615717	20260321_205102_CD_TEST	b50497e9efe461244980a1c1306fe29d8fa472d1b79b7e58220df918bb3c0a92
2026-03-21T20:51:02.918555	20260321_205102_CD_TEST	cd065ed38cb9a6acee351b2bd61103d1d03817f4e8744e9c1b1d06130bdfc613
2026-03-21T20:51:04.323132	20260321_205102_CD_TEST	1f9e0ff1c63a678736a9cf6468c416fab90e325756ab60647661cd377ae99ace
2026-03-21T20:51:05.728286	20260321_205102_CD_TEST	905c8298bc5752d62f11b9bb40b96468ac1d724a068168cfab5e02dfff34e4b4
2026-03-21T20:51:07.130729	20260321_205102_CD_TEST	670142ccfe698c48997bdc286b02b54ec92a313d5cf18959c79a4f9fea0bbbd8
2026-03-21T20:51:08.567781	20260321_205102_CD_TEST	521d815343b5e72292c98daf2ba000d1dd0e21757ab1247366de3282c8426e93
2026-03-21T20:51:10.009997	20260321_205102_CD_TEST	8c82c65cb284004ad087b16b4b8eb3eb1f68abc0e52176535e33d11136dae0e6
2026-03-21T20:51:11.447706	20260321_205102_CD_TEST	08bd5f628985dec9a0f83b2098664566ce9f3be02b61867e0f926b099d017212
2026-03-21T20:51:12.844233	20260321_205102_CD_TEST	2fe5dd5c2e5e6371cde1f7be643599226a7ed9a0a02a2ea4a3d4e7feae095351
2026-03-21T20:51:14.240299	20260321_205102_CD_TEST	2ddcf368dd057ed204098ab4034475c37eec7effaddbd9a9b09abf95c119f34d
2026-03-21T20:51:15.756927	20260321_205102_CD_TEST	f61f6a8e777a8518a6efbbd6ddd3b9be2606c4fc1e0c1e576bc2f41383835eda
2026-03-21T20:51:15.765458	20260321_205102_CD_TEST	2745366b205bdea62c9095a1711cc8924c004528f7079d5dfcc263ca47b9f34c
2026-03-21T21:38:16.601675	20260321_201859_CA_TEST	be1927a4e25041b30bd2740fdc6c8fc000d0341e6f7deb29a127e4bd6466a61e
2026-03-21T21:38:16.604017	20260321_202022_CA_TEST	28bec4c666ff1a311aa3081aa2702a4775a56648d9705a86a0156d7e4f8b0189
2026-03-21T21:38:16.605561	20260321_202129_CA_TEST	21f2e789782a08adf939d9fd81e739c84f8be31b8f24b37cc5f7c78af1312f38
2026-03-21T21:38:16.607406	20260321_203612_CA_TEST	57976af24e2757b15cd138b1b176f83bc0bce974413f7924171ba0040a3357f6
2026-03-21T21:38:16.609031	20260321_203727_CA_TEST	826bc6a8ff093f76fb1d1973fbf428d7d051133ed156ccc11b6f5502c226c6a5
2026-03-21T21:53:55.417754	20260321_201859_CA_TEST	643ae44d13ac333cc87aefaf76ffbe417191fd071b882e445f524aad632f3831
2026-03-21T21:53:55.421395	20260321_202022_CA_TEST	e36360f7fb36ba2d12b715d07ceeee954da85b658993af30b63050d71180ef74
2026-03-21T21:53:55.430396	20260321_202129_CA_TEST	30cfdb2c9729cd2fda6df5348f69bf633a3f37da039140c98e44e7f3ae43836a
2026-03-21T21:53:55.433143	20260321_203612_CA_TEST	f62e57fe5620fa5fcd02c332e7594d0ae7f67b6c29f46407f3ce10d977833fbb
2026-03-21T21:53:55.435548	20260321_203727_CA_TEST	5f9f9c67396c2a15c453ac3f7580e5372ec905313bf475dea48ca394c5e71176
2026-03-21T21:57:09.357921	20260321_201859_CA_TEST	f5c8dfc7e1f218401b22ab7343edda8cbb42487594236a177a88db26e70c95ca
2026-03-21T21:57:09.360250	20260321_202022_CA_TEST	ab9cfc2ee5ce33a1531af150846b2ba7c66914759a022e6e06000b94a9754de8
2026-03-21T21:57:09.362217	20260321_202129_CA_TEST	d893d31df33a6e770faa5eb8a36160c36e1d50f41794eb002baf18f4b1b26ce4
2026-03-21T21:57:09.364153	20260321_203612_CA_TEST	986f496d7f7e8fab21d041dcffbb1e80900b5629b3d55c42a94f3ee2d3ccd024
2026-03-21T21:57:09.366111	20260321_203727_CA_TEST	8d6904175964186fadeb7c906ed73992192cfcbc287b69316550667fb8143eef
2026-03-21T22:26:48.120508	20260321_222647_CA_TEST	40038bf14d8411651db9e478d7cf6414fc6832ab9f5f45e0dd4d3537cbe55be3
2026-03-21T22:26:54.197425	20260321_222647_CA_TEST	a95a2f497d008cafd9fc05f06ced480a9bd0a76168fea95fbdcb5aac7e59deeb
2026-03-21T22:26:58.971564	20260321_222647_CA_TEST	56a15059f23dff418f45ae45b44fac4311fef4ad12f6aef016e4c29d2c321f3b
2026-03-21T22:27:04.399652	20260321_222647_CA_TEST	0ec8c244ecb4a743ec1609a51172981632b9a4038d34c6cb2d735a42b5253cf4
2026-03-21T22:27:09.339766	20260321_222647_CA_TEST	30cca76afa78d4f748ef28c62deacfee7c486abf2bcecf185b0b0cef62e2a855
2026-03-21T22:27:14.484895	20260321_222647_CA_TEST	29b21a083a51103d905edc19b622e2c993247b7f189849383c7374922a8e3e40
2026-03-21T22:27:19.834453	20260321_222647_CA_TEST	f994d419cd2366178cafa4b238e57c8bf79461e96bd3e9f4223a2182338103c4
2026-03-21T22:27:24.506032	20260321_222647_CA_TEST	2e97c3c31c6ac2545735f827336d5a4164f0cdc60f026ce721780e0607722068
2026-03-21T22:27:28.538704	20260321_222647_CA_TEST	9e1d42fd0418f2b3146f3d7eb064418ad822180ae95241e2062ad31dee98122d
2026-03-21T22:27:34.152392	20260321_222647_CA_TEST	df681c7474b4ca28413a49fa7c587fc1667e630eb87f3f713453850f896db642
2026-03-21T22:27:38.670911	20260321_222647_CA_TEST	9ca30ed8995b03694d50459c4319edcd4efa77415d0e433dcfd3b4d49be3840b
2026-03-21T22:27:57.037501	20260321_222647_CA_TEST	59e14fb0baba890ab6e1be3901be24e1aa1696871954338ce51b8bd551c01869
2026-03-21T22:42:53.199473	20260321_224252_CA_FORMAL	c41b412ebfdce45689ffde14a87e8c3d45f4d6cb677f0a034b4e0a8ccf2d803a
2026-03-21T22:43:01.456408	20260321_224252_CA_FORMAL	18da22ed01c70e5001d2c781b61b3df33ac5f843979ca61c49d204036b2ce6c4
2026-03-21T22:43:06.766049	20260321_224252_CA_FORMAL	f2a193056bf9470590c5908e78259592bf933cb88207e806fdac708aa01e1872
2026-03-21T22:43:13.849946	20260321_224252_CA_FORMAL	dbddb22529135894b021d2586fe09102112dfcecc2acd410d739f2549be69ad8
2026-03-21T22:43:19.205661	20260321_224252_CA_FORMAL	59fdfd0e887a6cf2064033f460d316f1d6325073997e9c4f42affd44fd4629b5
2026-03-21T22:43:23.559141	20260321_224252_CA_FORMAL	7284ef9e0b73f5bfcab5100e9654f7b862e3c6dfe89f195517994d82400c953a
2026-03-21T22:43:28.580309	20260321_224252_CA_FORMAL	30823ed18fb750c75018700f807fb756254e150807771cef3c6f030ad17d40a2
2026-03-21T22:43:33.286466	20260321_224252_CA_FORMAL	ca2d2b83263e35bf9d3e1108be0f43eb37bd3db54537081bc17b429ac77240fd
2026-03-21T22:43:38.008629	20260321_224252_CA_FORMAL	7a621102c93a8820d47598b97d246347c475e3cfee537abc10461a941440ef27
2026-03-21T22:43:42.626456	20260321_224252_CA_FORMAL	2bcb698b2df036847bddac5c8d97d1bc227c13457d689c388da6dcf5d42dfd46
2026-03-21T22:43:46.815479	20260321_224252_CA_FORMAL	98d57c29d89abfed5fe849a73a865e975930bbd0c4e974b96e1230c99ad76e1f
2026-03-21T22:44:07.799117	20260321_224252_CA_FORMAL	e115b23e9af755db1fc29e0033c2c3dc793cbca0606e2dc696904be84f517c00
2026-03-21T22:58:34.296202	20260321_225833_CA_FORMAL	33a04b24c48792d421d89afb7db5892ea030bd122940baa5af16ca38bf75fd1e
2026-03-21T22:58:39.765300	20260321_225833_CA_FORMAL	378ae31133b9dc7c9d3467d025df7d0614c687b9a72b2d145ca23757adbd7aa1
2026-03-21T22:58:43.925694	20260321_225833_CA_FORMAL	d8ad0a4dad6f16f3549b57e5bc9abf54329337381639099e4a64067adb540f73
2026-03-21T22:58:48.162325	20260321_225833_CA_FORMAL	c821682a63295ab11a936a1dfd401b3c4395c5b7ed1826f860df3e9aa4b3930d
2026-03-21T22:58:52.165123	20260321_225833_CA_FORMAL	0375d1df0b20b7abf4c4971243a764d99ade3cefb4a21030a54ab42d554870db
2026-03-21T22:58:56.863071	20260321_225833_CA_FORMAL	d8ad214862dacfd2e343ad57b4d9ae29f4a6281a71e59ca039a8124ad4eac9e5
2026-03-21T22:59:01.891357	20260321_225833_CA_FORMAL	a04f0b67a5e4387927c426a232961afbd3c8d9f2b0da9ebeb7e0e81555e61333
2026-03-21T22:59:06.445362	20260321_225833_CA_FORMAL	f01140a3e2cf41a44b70bc2fe1ebbfb97035b532e5833e9daa62828e9e948bc8
2026-03-21T22:59:10.810203	20260321_225833_CA_FORMAL	edf3a5705161b565d0e66f51398635883349ca83d41841a8a099bef483a6255e
2026-03-21T22:59:15.027390	20260321_225833_CA_FORMAL	ca5b9c7c17e213b604dfa23e8e58204d44a5287e668cf2c66a32297e9917ffdc
2026-03-21T22:59:20.171485	20260321_225833_CA_FORMAL	c9e14c169585b6ae39f28605ef982a6041790613f8c60bb5dfb8837a7a37c148
2026-03-21T22:59:40.247864	20260321_225833_CA_FORMAL	3f0219c02fbc9d25f417af30597d283381b97fa35af6e2b20b9b4335a8b36ff0
2026-03-21T23:03:24.119399	20260321_230323_CA_FORMAL	9b1bb259b83246322db639172f24f35339824c67cca6b69b9f1dd00b14d1d75b
2026-03-21T23:03:30.700039	20260321_230323_CA_FORMAL	18121f49ed390624dd5ce109b4b80535f803715b73654a1c344c6b87fbb9c1fa
2026-03-21T23:03:35.394089	20260321_230323_CA_FORMAL	23dbce0be4f9cb35f00a5826f89079449b40a14d5ff2dfb462435808828a290e
2026-03-21T23:03:41.124280	20260321_230323_CA_FORMAL	25fb94c04c7f7b8afeb1d861d4424e1cdb41f0fee9167f96a4b7183ae3e06f08
2026-03-21T23:03:47.084625	20260321_230323_CA_FORMAL	18da18d04f48beb048d5190e8e8491cacd400138e7aba8c2f0cdc5d42a63c4b8
2026-03-21T23:03:52.075202	20260321_230323_CA_FORMAL	294a65164d8fa19873a48d62460fe9df460968aa76e36ea7a3edb9ef3280e0b7
2026-03-21T23:03:56.875087	20260321_230323_CA_FORMAL	69b5dd6a1d11f9c72f9c7e7bdae6a766ef4a91edde9d15bfa7dde0de0b19980d
2026-03-21T23:04:01.534318	20260321_230323_CA_FORMAL	d08f7db8f3c4a93cc767a3bdeba8c741b5ac78fa74a1e308660c12bd7ed5ada0
2026-03-21T23:04:06.853795	20260321_230323_CA_FORMAL	537f94ab5c69f1bb370de64525945d85cdb423bd1476a02363767bded376ca3d
2026-03-21T23:04:13.933640	20260321_230323_CA_FORMAL	9a2ec2d2ded0b41b9b3b700a88dcf765b919df5b5a29135522bb9df81f70c325
2026-03-21T23:04:19.963290	20260321_230323_CA_FORMAL	5d3370843de64613cc2f9575f4f103e27ce23108098df1a2075c2b583a7d6ec1
2026-03-21T23:04:39.252917	20260321_230323_CA_FORMAL	a9e976866c9ca59a9bd5c53f971d70e074e4f3be072d30a44d9cdfe4e50d4711
2026-03-21T23:50:37.803667	20260321_235036_CA_TEST	1034c6179b553f0d09f21cd0c91e253a91ec4ba9cd9b90c38ab74e431fad7324
2026-03-21T23:50:44.484619	20260321_235036_CA_TEST	c589ad203cfc0359f912a962a9503317cb3a2756b54dcbce1b7e06c0bfdb0436
2026-03-21T23:50:49.560977	20260321_235036_CA_TEST	512274c5dd376b30b7425fbe59e063791617c320f4ca680e122894ecadeb4171
2026-03-21T23:50:54.671581	20260321_235036_CA_TEST	ab4e50a182bfc7344d2c95917013c2b871175a661bca3e38c391d459dbb70d8b
2026-03-21T23:50:58.696789	20260321_235036_CA_TEST	2b7a48e972fdf2dafe47c6d871d819c76359a14af4103eca9aa9b3d292596bca
2026-03-21T23:51:03.378021	20260321_235036_CA_TEST	f4f7ecbfb3a0b9acb664bf13d7de8f71461f87f05ee6ec2c8ba4e6cce6377e89
2026-03-21T23:51:07.560149	20260321_235036_CA_TEST	97098b706bebfb3c00ff76d7a04e1f7c1897fceb233a6afa3435adedca46c2a3
2026-03-21T23:51:12.395131	20260321_235036_CA_TEST	159e432147a78a8c0b7893da3415fa499b2ba9be1c0d7d7b9afb9b8ffb708b50
2026-03-21T23:51:18.075537	20260321_235036_CA_TEST	435ebc925458f9c3402360d42f047d8763ec0573d59d718c32602fdda2e4ca79
2026-03-21T23:51:22.159760	20260321_235036_CA_TEST	e6f300ed365f0bbd5bc2c29d41af60674295fded73edadf26744187f6f048cb8
2026-03-21T23:51:26.587697	20260321_235036_CA_TEST	5516897a5835df9567a07e138802c457e0a1b7961f7467eab9d7252f33d5d50c
2026-03-21T23:51:54.682469	20260321_235036_CA_TEST	0e8067a4924bbe665ec83c32db3557c4dbdbf7be548d2f12cffe1a485994192f
2026-03-22T16:56:48.858957	20260322_165647_CA_FORMAL	189cac073a992d173dbc2322432bb812e2b491102a5c5c26cac5fa7367a8b79f
2026-03-22T16:56:55.952177	20260322_165647_CA_FORMAL	941d1c747847c8fe722cea043aaa07018e7e9fa757b0cdd16cf37abb27f80742
2026-03-22T16:56:56.835171	20260322_165656_CD_FORMAL	760d7218c5b50fd4d8a4bcd66c0331f4f92caf11cd6d3c5805e1f2bd59dc2828
2026-03-22T16:56:57.850755	20260322_165656_CD_FORMAL	75c7fac725344bc9f829e1aaad00d940be1d7def0732d8cee9addbe7ccb91760
2026-03-22T16:56:59.249953	20260322_165656_CD_FORMAL	0cb7eda5fcd965152669f208094b190a24be6ed98296546854abc290807d77b4
2026-03-22T16:57:00.639658	20260322_165656_CD_FORMAL	c2048922b85e2be4cbeee7665a2b1b08120254affe24ce4b7e41e8b09209403c
2026-03-22T16:57:00.997498	20260322_165647_CA_FORMAL	d0bc5ec29d6dc5c31357beef0d0925def519e9554d0e33803668102c00d99861
2026-03-22T16:57:02.042767	20260322_165656_CD_FORMAL	9802a6b203bd97eb2e40dd0d777a56b09134f87dea1d869d406c8bc9334e5b7b
2026-03-22T16:57:03.408717	20260322_165656_CD_FORMAL	516020a5c01b731a697126bcc2a3f86f88d351f7788429778e15f65383f06cc7
2026-03-22T16:57:04.812484	20260322_165656_CD_FORMAL	85cc6883223eca68445d60d07d8df63ccaa2a48fd0b9a636f1717a7e46027f17
2026-03-22T16:57:06.212802	20260322_165656_CD_FORMAL	075d3fa2bae287830fe3d1f82ad39bd809016f24ba165d80d406cd0b763477cb
2026-03-22T16:57:06.274030	20260322_165647_CA_FORMAL	9b7482839e5ae427a346b0a3af9ec6a47e6c5ee7dea6c9de7e40f9b6ca199db7
2026-03-22T16:57:07.613130	20260322_165656_CD_FORMAL	745194541ae75f495e9ef6428f6b7eb097bf48d8d4f56e2e405639380e4034ef
2026-03-22T16:57:09.013985	20260322_165656_CD_FORMAL	ec03786d67acd510a5ce102a9827c17959ccc08738d1b335e769aaa4696c0835
2026-03-22T16:57:10.406906	20260322_165656_CD_FORMAL	87f0b310d5edb46d05eedd8019abf5b91ec33bfe6c063e76f7dca5e95060fe15
2026-03-22T16:57:11.250500	20260322_165656_CD_FORMAL	28a8feed85b1f83d2288b35053b34a678573f32fda904830a3c397e18f1488a1
2026-03-22T16:57:11.773099	20260322_165647_CA_FORMAL	e4585882e5b90c9fca4c061b7d08697b0804fa9951231a7a2f5d52c2558fcadd
2026-03-22T16:57:14.306239	20260322_165714_CD_FORMAL	1289d0a93027dd3dda319d038431740c6d3d50150170bfbca0dad80c3118b823
2026-03-22T16:57:15.417194	20260322_165714_CD_FORMAL	5c2e771596182045fb5463cae02421554eb80f3e78eaa45cd753f26a87ae5c5c
2026-03-22T16:57:16.804300	20260322_165714_CD_FORMAL	5013e2e817a8d6fdf4d8c78219364e91aecc3176428a887fc8b72702028fe371
2026-03-22T16:57:17.307114	20260322_165647_CA_FORMAL	c3af525d9f5dd7a40c4df23b9f47bba18a5d657dcdd7e660d0d7ac9902c26833
2026-03-22T16:57:18.213604	20260322_165714_CD_FORMAL	86447ed0208915f1a0ccc2ca98cd51316dbea01c88061cf58b2c080c24e36481
2026-03-22T16:57:19.629650	20260322_165714_CD_FORMAL	d3558576b7f6952ad08c7a80e56f24627acad18871e54118841298d1c26b11e3
2026-03-22T16:57:21.023605	20260322_165714_CD_FORMAL	8283c1f0c4fbc5c0c9100b357d46d402d74932e2676c39c2b3784e8f02fb50e8
2026-03-22T16:57:22.418972	20260322_165714_CD_FORMAL	769f85ddbf195da503837d9a6f999d9d4b16d9ccf08ebc9e3190e90f5d9238d7
2026-03-22T16:57:22.923731	20260322_165647_CA_FORMAL	5df5b1031f47c0a9efe3e043ccda3475bd3df61cd82681c73d0205e5dcbf0d78
2026-03-22T16:57:23.834658	20260322_165714_CD_FORMAL	c8197197e139fc988d9c038c4a4837822d3a278b29a50ae951dbf336dcf0449a
2026-03-22T16:57:25.214658	20260322_165714_CD_FORMAL	63cd90c4033e21a2a23f02f1a8eed45dbc035a9bc512eb5aa25b3ada7a00680f
2026-03-22T16:57:26.591958	20260322_165714_CD_FORMAL	db7edcfaea1c69915833abd5e00a5654a5aa9316552e8c44d818dec3cd6826f7
2026-03-22T16:57:27.997066	20260322_165714_CD_FORMAL	4b37b30e9f36e2064a297a71e8dc92047c1e93f67514ddfdb6aa1ddc4c5b9a80
2026-03-22T16:57:28.021226	20260322_165647_CA_FORMAL	c45d5cbf8d938604d4c0a8e5762728936b651ed4f9f1fc82648a7cb1784baad6
2026-03-22T16:57:28.773419	20260322_165714_CD_FORMAL	78b0570fd30060d74986c3775e85e3c8fe35ad6b559729fd366032da73fb5f64
2026-03-22T16:57:31.833774	20260322_165731_CD_FORMAL	94f48bbcf65295ee294585830b4a6679075ffa7b6818e9a749ec6c5358d16fc0
2026-03-22T16:57:32.951539	20260322_165731_CD_FORMAL	1cf6363b5976a6409799b12e52edb5bfe8ce0733458da1b4cbb19187700ed87e
2026-03-22T16:57:33.318335	20260322_165647_CA_FORMAL	165c0311db9c76b0e621da936e52075a89b39d5ce9408020a03a2bbe5c9400d9
2026-03-22T16:57:34.377084	20260322_165731_CD_FORMAL	690070b687f0f63d83e28d2313d4c8f41bf7fff91037627786875e651e5eeac0
2026-03-22T16:57:35.763235	20260322_165731_CD_FORMAL	c5b224a3d1e0eec2f9b09700eed779a479e397924225ea0066833d2d7a8ba658
2026-03-22T16:57:37.164362	20260322_165731_CD_FORMAL	74d1901d4089f35bd4420e2d86bf8d5e57066f662ee23d00daf233fdaf597858
2026-03-22T16:57:38.553302	20260322_165731_CD_FORMAL	f3bf040e2c1478319efd813083c78c189d1c9731565a69fd2dcd5505b1f9ef48
2026-03-22T16:57:39.772179	20260322_165647_CA_FORMAL	39664a190ae86ea28e2425ec26aa04b3935944558627973cab4c563acbf00a70
2026-03-22T16:57:39.962254	20260322_165731_CD_FORMAL	fde13f3d025adebdb26765f2242dee6615c8e863a500d0a1a9a2e72022792d8e
2026-03-22T16:57:41.372191	20260322_165731_CD_FORMAL	936f89d150c296f8dc0d22ff2398de82450b0904531cb94f228bff74b01e144d
2026-03-22T16:57:42.773533	20260322_165731_CD_FORMAL	356e5c98f80c49a4d9e075b9df5dce3a7aae32eaa2fc39605936fb83810492b7
2026-03-22T16:57:44.157410	20260322_165731_CD_FORMAL	3d2a1fb21a429d33a1dded0eda5591718a37be7e485b490b97d0a54438d7af82
2026-03-22T16:57:44.819350	20260322_165647_CA_FORMAL	3e48e8a10443b6d2980ad16f9f48bd3c68f88aed7182dc90d36d526f0652a0a9
2026-03-22T16:57:45.633952	20260322_165731_CD_FORMAL	36d4a160024cfa1c43d1148d06cc88f80415a4643517cf74ea9e7d3a130ad28b
2026-03-22T16:57:46.411805	20260322_165731_CD_FORMAL	5af8c154625242a69c9826b4fb3f102b6965e3c7757ee9f6b222c317d4b0b2ff
2026-03-22T16:57:49.487020	20260322_165749_CD_FORMAL	11db2e16c7261cf483242e3c513567d35544f5a87b59fac9b23711785e882db5
2026-03-22T16:57:50.560949	20260322_165749_CD_FORMAL	fd086b4d931726cfadfb46a63181312318210a3afffff2dc68657602523c7a70
2026-03-22T16:57:51.985830	20260322_165749_CD_FORMAL	d574c8010136d97f90616d74ed763184186f2200b7f2da7e7a4e6bf99f78a9bb
2026-03-22T16:57:53.371337	20260322_165749_CD_FORMAL	e99c3ee77ecdbb2ee4d359e708727d671820b90574aabf5545a807defed1f520
2026-03-22T16:57:54.774678	20260322_165749_CD_FORMAL	1add6b07227616128998dac663cac5c57e57b9188767cac2d51db6513166116b
2026-03-22T16:57:56.157390	20260322_165749_CD_FORMAL	af77ef3c7708e5f1cb8a3357f5142d0ef29d5284d55555e8279efe3f79275f96
2026-03-22T16:57:57.606036	20260322_165749_CD_FORMAL	9aa4949485729a9bdfb581e8c971f02a64a5ed02a5d74d6a0e254fd1233fd7d2
2026-03-22T16:57:58.986093	20260322_165749_CD_FORMAL	9b2dce45bc8b6d3a04ee23f4bf6e679bc39fb135f2624002ef3d5f712fe7e173
2026-03-22T16:58:00.423745	20260322_165749_CD_FORMAL	e91c8d2935dd8aad7612cccf5ef8c7b7c6c35713e49defbdadd7b970786cef49
2026-03-22T16:58:01.817534	20260322_165749_CD_FORMAL	bd47ee3aaa3b76ddc4cce91e23536e312410444d7b6ea049b58ded19590baa0a
2026-03-22T16:58:03.218115	20260322_165749_CD_FORMAL	17949c97607dc95e292cb7c1d11fd7f112628e0a17247d6b0e9516c78672ebea
2026-03-22T16:58:03.999947	20260322_165749_CD_FORMAL	065d3497ecee495a60dff9ce502b46b95e9ec5b858dcf83ce30be4ec062a6776
2026-03-22T16:58:07.098155	20260322_165806_CD_FORMAL	c632217bded19334cdcb79ff31eab966658b0fd80fad000a092eb0092bd9fbc3
2026-03-22T16:58:08.240611	20260322_165806_CD_FORMAL	3aa86d1742a4780c4c206c94ce90c7a010aa9eac2fca4b0fdf2d64b77590b7fe
2026-03-22T16:58:09.649107	20260322_165806_CD_FORMAL	e9c759c7b7a7feac8acf34bae3fd5563d6b7d9b97437c114d2a906d103a6670a
2026-03-22T16:58:11.037080	20260322_165806_CD_FORMAL	d5ffaed6767252a0101656a4ee2163695e46734d12daede84fd0c011d2c27484
2026-03-22T16:58:12.433968	20260322_165806_CD_FORMAL	765fe8fd9fa0d4af2e8eee664f4194a84e32ad35d8024a87170fa9317b5130a3
2026-03-22T16:58:13.856260	20260322_165806_CD_FORMAL	346ea4377c551a2bfd443a5564116858c3bff3b319f59e20296213f2c04a9c31
2026-03-22T16:58:15.249486	20260322_165806_CD_FORMAL	cc99e2dbed70cab7eff7ef8ada067b35099804c61852523c4ad61329e31fe7f5
2026-03-22T16:58:16.665474	20260322_165806_CD_FORMAL	c3a79cfc0aecd5c54a8f6e6eee34d150f7afb39dc916dace270aa262c4fa2321
2026-03-22T16:58:18.092462	20260322_165806_CD_FORMAL	f21d8b011f21994afadcd4a43dc6957d03958636f7f8fe5d8ce4b3311c83437b
2026-03-22T16:58:19.508700	20260322_165806_CD_FORMAL	29e715dbcbf62a0fabc44573c08ea99eddf7edf95cfbc9996e119ba0b037a297
2026-03-22T16:58:20.940536	20260322_165806_CD_FORMAL	fd8ccb14e4f2d53dcc12361cae669cefba92690b9fccd335593f028263f5a1da
2026-03-22T16:58:21.702549	20260322_165806_CD_FORMAL	bbe51d68991cf38066ac272229064de61bfc7adc5fb50ad21b0491a8caae481c
2026-03-22T16:58:23.983635	20260322_165647_CA_FORMAL	7ad80b56b9cd5ba0b07e9b7327ea8ff8030be94454bdc5fdbd12b68714138786
2026-03-22T16:58:24.824943	20260322_165824_CD_FORMAL	20d266a734d56afc9d1b6a0747d8ccb627a6bd794cf7b7c3e9476d90b4c609cc
2026-03-22T16:58:25.862319	20260322_165824_CD_FORMAL	b9234ca22c85839a19fdcbbe7c36046703a6b3a9516f21778551410ddd3329db
2026-03-22T16:58:27.245460	20260322_165824_CD_FORMAL	1bf5a674d82eda47e5cbd8cf846401b548c56de40502b5a2bdad62a2599afea7
2026-03-22T16:58:27.480475	20260322_165827_CA_FORMAL	047031d469ae5a4eee04867fd72d9ffcd2afb2270b8f458bf27240b4475d8afc
2026-03-22T16:58:28.651667	20260322_165824_CD_FORMAL	15f9025b715b141279832900f8e0ef9a720086dfab5b4613afc555e7fe1d5c98
2026-03-22T16:58:30.050207	20260322_165824_CD_FORMAL	8a6eea97fb44c0d7493ddcce2794a40aae8594f4145278e3eedf6f0a8e70fb14
2026-03-22T16:58:31.446240	20260322_165824_CD_FORMAL	b3bb2be09e927bb5c522b3bb998fe4e988670d80489014a6bc11db9b15aaf6de
2026-03-22T16:58:32.853770	20260322_165824_CD_FORMAL	2844f028b3098ec5e1d0424c027df696873355f9a2c0d0f6150f91b4d7b6c02a
2026-03-22T16:58:33.737922	20260322_165827_CA_FORMAL	b53239283705f0b0c5d08c15862b85de43d46dabf5a793528a931e79ca4a0ff5
2026-03-22T16:58:34.238732	20260322_165824_CD_FORMAL	8022dfbdbadf25e264f1bf7c75ed8aba67121c1bd3e5b71f5ff81e1f52663b08
2026-03-22T16:58:35.640299	20260322_165824_CD_FORMAL	3fb490066604de45b439dbcfaf44e78347b7e06a1511b1c10958fdcd3d7e82d9
2026-03-22T16:58:37.034774	20260322_165824_CD_FORMAL	108e7afcf4bf91070683bc95ff20b8529968eb7683961645ccbc4f5597e62d3c
2026-03-22T16:58:38.436736	20260322_165824_CD_FORMAL	8c3963850a73efd0b9266ffa28172b22812f8e59ed3f68bf153642af1a365cf4
2026-03-22T16:58:39.215583	20260322_165824_CD_FORMAL	86b6463d4a4f9d3a777f36c22f4e64f37d84c448f1f408b99e2c1148e4989af1
2026-03-22T16:58:39.938330	20260322_165827_CA_FORMAL	f3a9aba3cfa50eed6a49b50704f893ea259c3a9fefbffaa356eb8a0ffbad8e40
2026-03-22T16:58:42.297357	20260322_165842_CD_FORMAL	54003aed2fcfc1aa18846107974af7097b978783853476ab22a8db613242d772
2026-03-22T16:58:43.412116	20260322_165842_CD_FORMAL	f9d14fe4f13341ab509d19d69b1b3e79f7ba31e3c62cf3181f28b43045cbdd75
2026-03-22T16:58:44.819789	20260322_165842_CD_FORMAL	5488f6847868dd7929da441d02e3919128a4267fb0e7d2b9c3f177a2fc95b2bb
2026-03-22T16:58:46.217869	20260322_165842_CD_FORMAL	2390b362afbabcdfed3f820a91c43eecb2762ee196d6e63a0992f79d67e1cafd
2026-03-22T16:58:46.661451	20260322_165827_CA_FORMAL	b976f02684463029283914ff73fac52f37376bbb838b9b06c971880804670af6
2026-03-22T16:58:47.618699	20260322_165842_CD_FORMAL	92bd486ab23bbdb30e844d726bfad51df740527f7e6f81c5ff1415abce2c5be9
2026-03-22T16:58:49.001725	20260322_165842_CD_FORMAL	1aec4faed2467756b28534b2b6f7462f342265858dbbe83698b6997d3ef89a37
2026-03-22T16:58:50.401616	20260322_165842_CD_FORMAL	0cd56b02a03bd3ef24cc1c4e68b46ef5b7980afe1e1ee8da32a554f49e165b7f
2026-03-22T16:58:51.782062	20260322_165842_CD_FORMAL	a27bf2521b9e6f2c977088fe12f2845626c04e2b64ca90116e9e0243e0f84ebb
2026-03-22T16:58:53.133797	20260322_165827_CA_FORMAL	79fc369b42769d36f6225be8df0906b410ecd5a7f352da63634fa3c61557dbee
2026-03-22T16:58:53.178680	20260322_165842_CD_FORMAL	ace2b2a58f6ad9f0509b8227f4a9b9dec6924fd60fb960eb0f147cf53ff4da5a
2026-03-22T16:58:54.577258	20260322_165842_CD_FORMAL	39276276709f708002020067581fc3e3d6de1e7e60f3607a8823662c2ceb3cbd
2026-03-22T16:58:56.005642	20260322_165842_CD_FORMAL	4e98ee48cdbfb650ea0ce62c87f12387dd3cf32a85d616a84bbbbcaf1403a059
2026-03-22T16:58:56.778961	20260322_165842_CD_FORMAL	9ab47c93b4948ffd9ae0f3ca634a5934f0020898b9831c7188aa891966b00ac8
2026-03-22T16:58:59.010751	20260322_165827_CA_FORMAL	69fac833cff79c357469ebaf5a6282251235c989c1088678cd6bf5d296b7ab99
2026-03-22T16:58:59.992481	20260322_165859_CD_FORMAL	d81bc393a0994a4e0819e4cd9e44403a0506dd454560a9b70e68bccda430ac75
2026-03-22T16:59:01.110110	20260322_165859_CD_FORMAL	9df6354ae1b7bed68391ce55e6215d951f8dc4c57e2a183c611abc00c39f3e2d
2026-03-22T16:59:02.518402	20260322_165859_CD_FORMAL	25c77ebab617976e405874a6fa68bb2c6d517d690d84c78159bd373c7c22a1eb
2026-03-22T16:59:03.905650	20260322_165859_CD_FORMAL	028f0a4f0ec8cb37dcbde653949ea4149e69ded295a3679acb5841e251043cd3
2026-03-22T16:59:05.313835	20260322_165859_CD_FORMAL	e865783a765e28645928f84963324df3adfb58614d7c92980fb54c8b1bf523c4
2026-03-22T16:59:06.581429	20260322_165827_CA_FORMAL	50c445bc7ec8f0b6b4ac4bc35540edfbfa59cbb2e0296a57252439897f53ed34
2026-03-22T16:59:06.710057	20260322_165859_CD_FORMAL	b654ae79cbb7ff28063253e8694de1b0983ea07a1ae0aa9bb805e98ad7edd2fd
2026-03-22T16:59:08.101298	20260322_165859_CD_FORMAL	54552ce45777ab5e4f8b587810ebd7ba320d84686e22a4d4302010b0930f75b3
2026-03-22T16:59:09.511997	20260322_165859_CD_FORMAL	bcb36e1a3adb28c7e61e4db9d0a0e3f13837b3f5193cc4ff7a938bb91bd04370
2026-03-22T16:59:10.920192	20260322_165859_CD_FORMAL	dd871f78956d22deec699ed0e9121e47729876dd17473293095c826d7d53ef4f
2026-03-22T16:59:11.736582	20260322_165827_CA_FORMAL	2267e34ad0fe9682b3fbaecff270ba7a27b81e6c58234c4f968b9bc4720a29e8
2026-03-22T16:59:12.307104	20260322_165859_CD_FORMAL	53e3633735bac5ea3c00a22a7c8aede8b4523498d7ceda538f4d423e3b1a78a4
2026-03-22T16:59:13.701155	20260322_165859_CD_FORMAL	9fad80be6e4b55b59a71650ce60291b643b06052fc790528c78404fe11c67551
2026-03-22T16:59:14.540985	20260322_165859_CD_FORMAL	c3f9e469aae7c6ead104c667232d68dff8e6eb823aed6bf10683af9c9a2c48bb
2026-03-22T16:59:17.081056	20260322_165827_CA_FORMAL	e436bfa00ca941f54941c5aa257e85bb20c142599c0f3e11c28266dcd815750a
2026-03-22T16:59:17.660012	20260322_165917_CD_FORMAL	a2f80886b9da999b6d40d49bb5955fee0702018d802dfbcbd54669899670c2a2
2026-03-22T16:59:18.780837	20260322_165917_CD_FORMAL	a071e73f379f5d86637d9c3793283f2c1642c129b165d74aaeeff3b06b7eecd7
2026-03-22T16:59:20.194577	20260322_165917_CD_FORMAL	f5cd3718a196585c0e83931157373a4016bc7cc7e58f847424bf161aa67fb92a
